<?xml version="1.0" encoding="UTF-8"?>
<!-- Generated by org.testng.reporters.JUnitXMLReporter -->
<testsuite hostname="DESKTOP-C89ERP2" name="Test" tests="3" failures="2" timestamp="22 Jul 2020 06:33:40 GMT" time="78.915" errors="0">
  <testcase name="tesFour" time="0.075" classname="failRun.Test4"/>
  <testcase name="elementToClick" time="15.601" classname="failRun.HandleEnableElement">
    <failure type="java.lang.AssertionError" message="expected [456] but found [123]">
      <![CDATA[java.lang.AssertionError: expected [456] but found [123]
	at failRun.HandleEnableElement.elementToClick(HandleEnableElement.java:35)
... Removed 31 stack frames]]>
    </failure>
  </testcase> <!-- elementToClick -->
  <testcase name="openFB" time="46.458" classname="failRun.TestFB">
    <failure type="java.lang.AssertionError" message="expected [true] but found [false]">
      <![CDATA[java.lang.AssertionError: expected [true] but found [false]
	at failRun.TestFB.openFB(TestFB.java:30)
... Removed 29 stack frames]]>
    </failure>
  </testcase> <!-- openFB -->
</testsuite> <!-- Test -->
